{"C:\\Users\\Sabina_Basina\\reactjs-films-homework\\src\\Root.jsx": {"path":"C:\\Users\\Sabina_Basina\\reactjs-films-homework\\src\\Root.jsx","statementMap":{},"fnMap":{},"branchMap":{},"s":{},"f":{},"b":{}}
,"C:\\Users\\Sabina_Basina\\reactjs-films-homework\\src\\components\\App\\App.jsx": {"path":"C:\\Users\\Sabina_Basina\\reactjs-films-homework\\src\\components\\App\\App.jsx","statementMap":{"0":{"start":{"line":9,"column":12},"end":{"line":16,"column":1}},"1":{"start":{"line":10,"column":2},"end":{"line":15,"column":13}}},"fnMap":{"0":{"name":"(anonymous_0)","decl":{"start":{"line":9,"column":12},"end":{"line":9,"column":13}},"loc":{"start":{"line":10,"column":2},"end":{"line":15,"column":13}},"line":10}},"branchMap":{},"s":{"0":1,"1":1},"f":{"0":1},"b":{},"_coverageSchema":"43e27e138ebf9cfc5966b082cf9a028302ed4184","hash":"de5074c738fdbe2c3a15a8e84470f9bf16232ec9"}
,"C:\\Users\\Sabina_Basina\\reactjs-films-homework\\src\\components\\Episode\\Episode.jsx": {"path":"C:\\Users\\Sabina_Basina\\reactjs-films-homework\\src\\components\\Episode\\Episode.jsx","statementMap":{"0":{"start":{"line":10,"column":21},"end":{"line":10,"column":31}},"1":{"start":{"line":11,"column":4},"end":{"line":32,"column":6}},"2":{"start":{"line":38,"column":0},"end":{"line":40,"column":2}},"3":{"start":{"line":42,"column":0},"end":{"line":44,"column":2}}},"fnMap":{"0":{"name":"(anonymous_0)","decl":{"start":{"line":9,"column":2},"end":{"line":9,"column":3}},"loc":{"start":{"line":9,"column":11},"end":{"line":33,"column":3}},"line":9}},"branchMap":{"0":{"loc":{"start":{"line":21,"column":18},"end":{"line":21,"column":65}},"type":"cond-expr","locations":[{"start":{"line":21,"column":31},"end":{"line":21,"column":48}},{"start":{"line":21,"column":51},"end":{"line":21,"column":65}}],"line":21}},"s":{"0":2,"1":2,"2":4,"3":4},"f":{"0":2},"b":{"0":[1,1]},"_coverageSchema":"43e27e138ebf9cfc5966b082cf9a028302ed4184","hash":"38552c910798f29b72cf9737f7270bf491b7cc54"}
,"C:\\Users\\Sabina_Basina\\reactjs-films-homework\\src\\components\\Episodes\\Episodes.jsx": {"path":"C:\\Users\\Sabina_Basina\\reactjs-films-homework\\src\\components\\Episodes\\Episodes.jsx","statementMap":{"0":{"start":{"line":9,"column":47},"end":{"line":9,"column":57}},"1":{"start":{"line":10,"column":4},"end":{"line":10,"column":35}},"2":{"start":{"line":14,"column":47},"end":{"line":14,"column":57}},"3":{"start":{"line":15,"column":4},"end":{"line":18,"column":5}},"4":{"start":{"line":16,"column":6},"end":{"line":16,"column":37}},"5":{"start":{"line":17,"column":6},"end":{"line":17,"column":28}},"6":{"start":{"line":22,"column":31},"end":{"line":22,"column":41}},"7":{"start":{"line":23,"column":4},"end":{"line":30,"column":6}},"8":{"start":{"line":27,"column":12},"end":{"line":27,"column":55}},"9":{"start":{"line":36,"column":0},"end":{"line":40,"column":2}},"10":{"start":{"line":42,"column":0},"end":{"line":46,"column":2}}},"fnMap":{"0":{"name":"(anonymous_0)","decl":{"start":{"line":8,"column":2},"end":{"line":8,"column":3}},"loc":{"start":{"line":8,"column":22},"end":{"line":11,"column":3}},"line":8},"1":{"name":"(anonymous_1)","decl":{"start":{"line":13,"column":2},"end":{"line":13,"column":3}},"loc":{"start":{"line":13,"column":32},"end":{"line":19,"column":3}},"line":13},"2":{"name":"(anonymous_2)","decl":{"start":{"line":21,"column":2},"end":{"line":21,"column":3}},"loc":{"start":{"line":21,"column":11},"end":{"line":31,"column":3}},"line":21},"3":{"name":"(anonymous_3)","decl":{"start":{"line":26,"column":51},"end":{"line":26,"column":52}},"loc":{"start":{"line":27,"column":12},"end":{"line":27,"column":55}},"line":27},"4":{"name":"(anonymous_4)","decl":{"start":{"line":45,"column":22},"end":{"line":45,"column":23}},"loc":{"start":{"line":45,"column":28},"end":{"line":45,"column":31}},"line":45}},"branchMap":{"0":{"loc":{"start":{"line":15,"column":4},"end":{"line":18,"column":5}},"type":"if","locations":[{"start":{"line":15,"column":4},"end":{"line":18,"column":5}},{"start":{"line":15,"column":4},"end":{"line":18,"column":5}}],"line":15},"1":{"loc":{"start":{"line":25,"column":9},"end":{"line":27,"column":57}},"type":"binary-expr","locations":[{"start":{"line":25,"column":9},"end":{"line":25,"column":23}},{"start":{"line":25,"column":27},"end":{"line":25,"column":51}},{"start":{"line":26,"column":13},"end":{"line":27,"column":57}}],"line":25}},"s":{"0":1,"1":1,"2":2,"3":2,"4":1,"5":1,"6":2,"7":2,"8":2,"9":3,"10":3},"f":{"0":1,"1":2,"2":2,"3":2,"4":1},"b":{"0":[1,1],"1":[2,1,1]},"_coverageSchema":"43e27e138ebf9cfc5966b082cf9a028302ed4184","hash":"980634ef0769a95ebcb08c2b17bb41694d68ba4a"}
,"C:\\Users\\Sabina_Basina\\reactjs-films-homework\\src\\components\\Menu\\Menu.jsx": {"path":"C:\\Users\\Sabina_Basina\\reactjs-films-homework\\src\\components\\Menu\\Menu.jsx","statementMap":{"0":{"start":{"line":5,"column":13},"end":{"line":16,"column":1}},"1":{"start":{"line":6,"column":2},"end":{"line":14,"column":11}}},"fnMap":{"0":{"name":"(anonymous_0)","decl":{"start":{"line":5,"column":13},"end":{"line":5,"column":14}},"loc":{"start":{"line":6,"column":2},"end":{"line":14,"column":11}},"line":6}},"branchMap":{},"s":{"0":2,"1":1},"f":{"0":1},"b":{},"_coverageSchema":"43e27e138ebf9cfc5966b082cf9a028302ed4184","hash":"84df944c27d79ad8086443fb40c9ebd0a9e89466"}
,"C:\\Users\\Sabina_Basina\\reactjs-films-homework\\src\\components\\Routes\\Routes.jsx": {"path":"C:\\Users\\Sabina_Basina\\reactjs-films-homework\\src\\components\\Routes\\Routes.jsx","statementMap":{"0":{"start":{"line":12,"column":4},"end":{"line":28,"column":6}},"1":{"start":{"line":17,"column":27},"end":{"line":17,"column":78}},"2":{"start":{"line":21,"column":27},"end":{"line":21,"column":86}},"3":{"start":{"line":25,"column":27},"end":{"line":25,"column":71}}},"fnMap":{"0":{"name":"(anonymous_0)","decl":{"start":{"line":11,"column":2},"end":{"line":11,"column":3}},"loc":{"start":{"line":11,"column":11},"end":{"line":29,"column":3}},"line":11},"1":{"name":"(anonymous_1)","decl":{"start":{"line":17,"column":18},"end":{"line":17,"column":19}},"loc":{"start":{"line":17,"column":27},"end":{"line":17,"column":78}},"line":17},"2":{"name":"(anonymous_2)","decl":{"start":{"line":21,"column":18},"end":{"line":21,"column":19}},"loc":{"start":{"line":21,"column":27},"end":{"line":21,"column":86}},"line":21},"3":{"name":"(anonymous_3)","decl":{"start":{"line":25,"column":18},"end":{"line":25,"column":19}},"loc":{"start":{"line":25,"column":27},"end":{"line":25,"column":71}},"line":25}},"branchMap":{},"s":{"0":3,"1":1,"2":1,"3":1},"f":{"0":3,"1":1,"2":1,"3":1},"b":{},"_coverageSchema":"43e27e138ebf9cfc5966b082cf9a028302ed4184","hash":"b529a5e65f5dc450478069b8c6ec29a9fcf448cc"}
,"C:\\Users\\Sabina_Basina\\reactjs-films-homework\\src\\components\\Search\\Search.jsx": {"path":"C:\\Users\\Sabina_Basina\\reactjs-films-homework\\src\\components\\Search\\Search.jsx","statementMap":{"0":{"start":{"line":14,"column":4},"end":{"line":14,"column":51}},"1":{"start":{"line":18,"column":28},"end":{"line":18,"column":38}},"2":{"start":{"line":19,"column":24},"end":{"line":19,"column":34}},"3":{"start":{"line":20,"column":4},"end":{"line":37,"column":6}},"4":{"start":{"line":30,"column":12},"end":{"line":32,"column":13}},"5":{"start":{"line":31,"column":14},"end":{"line":31,"column":56}},"6":{"start":{"line":43,"column":0},"end":{"line":45,"column":2}},"7":{"start":{"line":47,"column":0},"end":{"line":49,"column":2}}},"fnMap":{"0":{"name":"(anonymous_0)","decl":{"start":{"line":13,"column":17},"end":{"line":13,"column":18}},"loc":{"start":{"line":13,"column":24},"end":{"line":15,"column":3}},"line":13},"1":{"name":"(anonymous_1)","decl":{"start":{"line":17,"column":2},"end":{"line":17,"column":3}},"loc":{"start":{"line":17,"column":11},"end":{"line":38,"column":3}},"line":17},"2":{"name":"(anonymous_2)","decl":{"start":{"line":29,"column":22},"end":{"line":29,"column":23}},"loc":{"start":{"line":29,"column":29},"end":{"line":33,"column":11}},"line":29}},"branchMap":{"0":{"loc":{"start":{"line":30,"column":12},"end":{"line":32,"column":13}},"type":"if","locations":[{"start":{"line":30,"column":12},"end":{"line":32,"column":13}},{"start":{"line":30,"column":12},"end":{"line":32,"column":13}}],"line":30}},"s":{"0":1,"1":3,"2":3,"3":3,"4":0,"5":0,"6":4,"7":4},"f":{"0":1,"1":3,"2":0},"b":{"0":[0,0]},"_coverageSchema":"43e27e138ebf9cfc5966b082cf9a028302ed4184","hash":"2618ec8b67d08442fabfa63e94f536bc922e75dd"}
,"C:\\Users\\Sabina_Basina\\reactjs-films-homework\\src\\components\\TvShow\\TvShow.jsx": {"path":"C:\\Users\\Sabina_Basina\\reactjs-films-homework\\src\\components\\TvShow\\TvShow.jsx","statementMap":{"0":{"start":{"line":9,"column":21},"end":{"line":9,"column":31}},"1":{"start":{"line":10,"column":4},"end":{"line":28,"column":6}},"2":{"start":{"line":35,"column":0},"end":{"line":37,"column":2}},"3":{"start":{"line":39,"column":0},"end":{"line":41,"column":2}}},"fnMap":{"0":{"name":"(anonymous_0)","decl":{"start":{"line":8,"column":2},"end":{"line":8,"column":3}},"loc":{"start":{"line":8,"column":11},"end":{"line":29,"column":3}},"line":8}},"branchMap":{"0":{"loc":{"start":{"line":13,"column":18},"end":{"line":13,"column":58}},"type":"cond-expr","locations":[{"start":{"line":13,"column":31},"end":{"line":13,"column":48}},{"start":{"line":13,"column":51},"end":{"line":13,"column":58}}],"line":13},"1":{"loc":{"start":{"line":14,"column":9},"end":{"line":19,"column":9}},"type":"binary-expr","locations":[{"start":{"line":14,"column":9},"end":{"line":14,"column":20}},{"start":{"line":14,"column":24},"end":{"line":14,"column":43}},{"start":{"line":16,"column":8},"end":{"line":18,"column":17}}],"line":14},"2":{"loc":{"start":{"line":24,"column":13},"end":{"line":24,"column":72}},"type":"binary-expr","locations":[{"start":{"line":24,"column":13},"end":{"line":24,"column":24}},{"start":{"line":24,"column":28},"end":{"line":24,"column":72}}],"line":24}},"s":{"0":4,"1":4,"2":4,"3":4},"f":{"0":4},"b":{"0":[1,3],"1":[4,1,1],"2":[4,1]},"_coverageSchema":"43e27e138ebf9cfc5966b082cf9a028302ed4184","hash":"22faf6fb9cd7b5b3be9100f0c513a8d8ea5b6302"}
,"C:\\Users\\Sabina_Basina\\reactjs-films-homework\\src\\components\\TvShowPage\\TvShowPage.jsx": {"path":"C:\\Users\\Sabina_Basina\\reactjs-films-homework\\src\\components\\TvShowPage\\TvShowPage.jsx","statementMap":{"0":{"start":{"line":15,"column":8},"end":{"line":15,"column":18}},"1":{"start":{"line":17,"column":4},"end":{"line":21,"column":5}},"2":{"start":{"line":18,"column":6},"end":{"line":18,"column":35}},"3":{"start":{"line":20,"column":6},"end":{"line":20,"column":24}},"4":{"start":{"line":30,"column":8},"end":{"line":30,"column":18}},"5":{"start":{"line":32,"column":4},"end":{"line":34,"column":5}},"6":{"start":{"line":33,"column":6},"end":{"line":33,"column":24}},"7":{"start":{"line":35,"column":4},"end":{"line":37,"column":5}},"8":{"start":{"line":36,"column":6},"end":{"line":36,"column":35}},"9":{"start":{"line":41,"column":24},"end":{"line":41,"column":34}},"10":{"start":{"line":42,"column":4},"end":{"line":44,"column":5}},"11":{"start":{"line":43,"column":6},"end":{"line":43,"column":18}},"12":{"start":{"line":46,"column":4},"end":{"line":57,"column":6}},"13":{"start":{"line":52,"column":14},"end":{"line":52,"column":62}},"14":{"start":{"line":63,"column":0},"end":{"line":69,"column":2}},"15":{"start":{"line":71,"column":0},"end":{"line":77,"column":2}}},"fnMap":{"0":{"name":"(anonymous_0)","decl":{"start":{"line":9,"column":2},"end":{"line":9,"column":3}},"loc":{"start":{"line":9,"column":22},"end":{"line":22,"column":3}},"line":9},"1":{"name":"(anonymous_1)","decl":{"start":{"line":24,"column":2},"end":{"line":24,"column":3}},"loc":{"start":{"line":24,"column":32},"end":{"line":38,"column":3}},"line":24},"2":{"name":"(anonymous_2)","decl":{"start":{"line":40,"column":2},"end":{"line":40,"column":3}},"loc":{"start":{"line":40,"column":11},"end":{"line":58,"column":3}},"line":40},"3":{"name":"(anonymous_3)","decl":{"start":{"line":51,"column":25},"end":{"line":51,"column":26}},"loc":{"start":{"line":52,"column":14},"end":{"line":52,"column":62}},"line":52},"4":{"name":"(anonymous_4)","decl":{"start":{"line":72,"column":15},"end":{"line":72,"column":16}},"loc":{"start":{"line":72,"column":21},"end":{"line":72,"column":24}},"line":72},"5":{"name":"(anonymous_5)","decl":{"start":{"line":73,"column":19},"end":{"line":73,"column":20}},"loc":{"start":{"line":73,"column":25},"end":{"line":73,"column":28}},"line":73}},"branchMap":{"0":{"loc":{"start":{"line":17,"column":4},"end":{"line":21,"column":5}},"type":"if","locations":[{"start":{"line":17,"column":4},"end":{"line":21,"column":5}},{"start":{"line":17,"column":4},"end":{"line":21,"column":5}}],"line":17},"1":{"loc":{"start":{"line":32,"column":4},"end":{"line":34,"column":5}},"type":"if","locations":[{"start":{"line":32,"column":4},"end":{"line":34,"column":5}},{"start":{"line":32,"column":4},"end":{"line":34,"column":5}}],"line":32},"2":{"loc":{"start":{"line":35,"column":4},"end":{"line":37,"column":5}},"type":"if","locations":[{"start":{"line":35,"column":4},"end":{"line":37,"column":5}},{"start":{"line":35,"column":4},"end":{"line":37,"column":5}}],"line":35},"3":{"loc":{"start":{"line":42,"column":4},"end":{"line":44,"column":5}},"type":"if","locations":[{"start":{"line":42,"column":4},"end":{"line":44,"column":5}},{"start":{"line":42,"column":4},"end":{"line":44,"column":5}}],"line":42}},"s":{"0":2,"1":2,"2":1,"3":1,"4":4,"5":4,"6":1,"7":4,"8":1,"9":3,"10":3,"11":2,"12":1,"13":2,"14":3,"15":3},"f":{"0":2,"1":4,"2":3,"3":2,"4":1,"5":1},"b":{"0":[1,1],"1":[1,3],"2":[1,3],"3":[2,1]},"_coverageSchema":"43e27e138ebf9cfc5966b082cf9a028302ed4184","hash":"54224faa1cc2a568524d38b46b2db3feae1de083"}
,"C:\\Users\\Sabina_Basina\\reactjs-films-homework\\src\\pages\\Home\\Home.jsx": {"path":"C:\\Users\\Sabina_Basina\\reactjs-films-homework\\src\\pages\\Home\\Home.jsx","statementMap":{"0":{"start":{"line":12,"column":36},"end":{"line":12,"column":46}},"1":{"start":{"line":14,"column":4},"end":{"line":55,"column":6}},"2":{"start":{"line":61,"column":0},"end":{"line":64,"column":2}},"3":{"start":{"line":66,"column":0},"end":{"line":69,"column":2}}},"fnMap":{"0":{"name":"(anonymous_0)","decl":{"start":{"line":11,"column":2},"end":{"line":11,"column":3}},"loc":{"start":{"line":11,"column":11},"end":{"line":56,"column":3}},"line":11}},"branchMap":{"0":{"loc":{"start":{"line":20,"column":9},"end":{"line":27,"column":11}},"type":"binary-expr","locations":[{"start":{"line":20,"column":9},"end":{"line":20,"column":17}},{"start":{"line":22,"column":12},"end":{"line":26,"column":14}}],"line":20},"1":{"loc":{"start":{"line":29,"column":9},"end":{"line":50,"column":11}},"type":"binary-expr","locations":[{"start":{"line":29,"column":9},"end":{"line":29,"column":16}},{"start":{"line":31,"column":12},"end":{"line":49,"column":18}}],"line":29},"2":{"loc":{"start":{"line":33,"column":15},"end":{"line":40,"column":17}},"type":"binary-expr","locations":[{"start":{"line":33,"column":15},"end":{"line":33,"column":37}},{"start":{"line":35,"column":18},"end":{"line":39,"column":25}}],"line":33},"3":{"loc":{"start":{"line":35,"column":28},"end":{"line":35,"column":100}},"type":"cond-expr","locations":[{"start":{"line":35,"column":61},"end":{"line":35,"column":64}},{"start":{"line":35,"column":67},"end":{"line":35,"column":100}}],"line":35}},"s":{"0":3,"1":3,"2":2,"3":2},"f":{"0":3},"b":{"0":[3,2],"1":[3,1],"2":[1,0],"3":[0,0]},"_coverageSchema":"43e27e138ebf9cfc5966b082cf9a028302ed4184","hash":"5995de1840da08723c2212185ea97c5632cb88c5"}
,"C:\\Users\\Sabina_Basina\\reactjs-films-homework\\src\\pages\\TvShowDetails\\TvShowDetails.jsx": {"path":"C:\\Users\\Sabina_Basina\\reactjs-films-homework\\src\\pages\\TvShowDetails\\TvShowDetails.jsx","statementMap":{"0":{"start":{"line":12,"column":39},"end":{"line":12,"column":49}},"1":{"start":{"line":13,"column":4},"end":{"line":13,"column":27}},"2":{"start":{"line":17,"column":23},"end":{"line":17,"column":33}},"3":{"start":{"line":19,"column":4},"end":{"line":69,"column":6}},"4":{"start":{"line":75,"column":0},"end":{"line":79,"column":2}},"5":{"start":{"line":81,"column":0},"end":{"line":85,"column":2}}},"fnMap":{"0":{"name":"(anonymous_0)","decl":{"start":{"line":11,"column":2},"end":{"line":11,"column":3}},"loc":{"start":{"line":11,"column":22},"end":{"line":14,"column":3}},"line":11},"1":{"name":"(anonymous_1)","decl":{"start":{"line":16,"column":2},"end":{"line":16,"column":3}},"loc":{"start":{"line":16,"column":11},"end":{"line":70,"column":3}},"line":16},"2":{"name":"(anonymous_2)","decl":{"start":{"line":82,"column":22},"end":{"line":82,"column":23}},"loc":{"start":{"line":82,"column":28},"end":{"line":82,"column":31}},"line":82}},"branchMap":{"0":{"loc":{"start":{"line":22,"column":9},"end":{"line":29,"column":12}},"type":"binary-expr","locations":[{"start":{"line":22,"column":9},"end":{"line":22,"column":16}},{"start":{"line":24,"column":11},"end":{"line":28,"column":13}}],"line":22},"1":{"loc":{"start":{"line":31,"column":9},"end":{"line":65,"column":13}},"type":"binary-expr","locations":[{"start":{"line":31,"column":9},"end":{"line":31,"column":15}},{"start":{"line":33,"column":12},"end":{"line":64,"column":18}}],"line":31},"2":{"loc":{"start":{"line":40,"column":23},"end":{"line":40,"column":67}},"type":"cond-expr","locations":[{"start":{"line":40,"column":38},"end":{"line":40,"column":57}},{"start":{"line":40,"column":60},"end":{"line":40,"column":67}}],"line":40},"3":{"loc":{"start":{"line":49,"column":19},"end":{"line":49,"column":82}},"type":"binary-expr","locations":[{"start":{"line":49,"column":19},"end":{"line":49,"column":32}},{"start":{"line":49,"column":36},"end":{"line":49,"column":82}}],"line":49},"4":{"loc":{"start":{"line":52,"column":19},"end":{"line":52,"column":64}},"type":"binary-expr","locations":[{"start":{"line":52,"column":19},"end":{"line":52,"column":33}},{"start":{"line":52,"column":37},"end":{"line":52,"column":64}}],"line":52}},"s":{"0":1,"1":1,"2":6,"3":6,"4":2,"5":2},"f":{"0":1,"1":6,"2":1},"b":{"0":[6,2],"1":[6,4],"2":[1,3],"3":[4,1],"4":[4,1]},"_coverageSchema":"43e27e138ebf9cfc5966b082cf9a028302ed4184","hash":"eb37a9218305df68c40f2f36ebeca7f3da05cb31"}
}
