{"C:\\Users\\Sabina_Basina\\reactjs-films-homework\\src\\Root.jsx": {"path":"C:\\Users\\Sabina_Basina\\reactjs-films-homework\\src\\Root.jsx","statementMap":{},"fnMap":{},"branchMap":{},"s":{},"f":{},"b":{}}
,"C:\\Users\\Sabina_Basina\\reactjs-films-homework\\src\\components\\App\\App.jsx": {"path":"C:\\Users\\Sabina_Basina\\reactjs-films-homework\\src\\components\\App\\App.jsx","statementMap":{"0":{"start":{"line":5,"column":12},"end":{"line":7,"column":1}},"1":{"start":{"line":6,"column":2},"end":{"line":6,"column":36}}},"fnMap":{"0":{"name":"(anonymous_0)","decl":{"start":{"line":5,"column":12},"end":{"line":5,"column":13}},"loc":{"start":{"line":6,"column":2},"end":{"line":6,"column":36}},"line":6}},"branchMap":{},"s":{"0":1,"1":1},"f":{"0":1},"b":{},"_coverageSchema":"43e27e138ebf9cfc5966b082cf9a028302ed4184","hash":"36fd7708ddf439fd6d415abf2a04d975e78bdecf"}
,"C:\\Users\\Sabina_Basina\\reactjs-films-homework\\src\\components\\Signature\\Signature.jsx": {"path":"C:\\Users\\Sabina_Basina\\reactjs-films-homework\\src\\components\\Signature\\Signature.jsx","statementMap":{"0":{"start":{"line":7,"column":21},"end":{"line":7,"column":31}},"1":{"start":{"line":8,"column":4},"end":{"line":19,"column":6}},"2":{"start":{"line":23,"column":0},"end":{"line":25,"column":2}},"3":{"start":{"line":27,"column":0},"end":{"line":29,"column":2}}},"fnMap":{"0":{"name":"(anonymous_0)","decl":{"start":{"line":6,"column":2},"end":{"line":6,"column":3}},"loc":{"start":{"line":6,"column":11},"end":{"line":20,"column":3}},"line":6}},"branchMap":{},"s":{"0":1,"1":1,"2":2,"3":2},"f":{"0":1},"b":{},"_coverageSchema":"43e27e138ebf9cfc5966b082cf9a028302ed4184","hash":"44618d27340fae040790d27d3113aa3da4ce5efc"}
}
