TN:
SF:C:\Users\Sabina_Basina\reactjs-films-homework\src\Root.jsx
FNF:0
FNH:0
LF:0
LH:0
BRF:0
BRH:0
end_of_record
TN:
SF:C:\Users\Sabina_Basina\reactjs-films-homework\src\components\App\App.jsx
FN:9,(anonymous_0)
FNF:1
FNH:1
FNDA:1,(anonymous_0)
DA:9,1
DA:10,1
LF:2
LH:2
BRF:0
BRH:0
end_of_record
TN:
SF:C:\Users\Sabina_Basina\reactjs-films-homework\src\components\Episode\Episode.jsx
FN:9,(anonymous_0)
FNF:1
FNH:1
FNDA:2,(anonymous_0)
DA:10,2
DA:11,2
DA:38,4
DA:42,4
LF:4
LH:4
BRDA:21,0,0,1
BRDA:21,0,1,1
BRF:2
BRH:2
end_of_record
TN:
SF:C:\Users\Sabina_Basina\reactjs-films-homework\src\components\Episodes\Episodes.jsx
FN:15,(anonymous_0)
FN:21,(anonymous_1)
FN:28,(anonymous_2)
FN:32,(anonymous_3)
FN:50,(anonymous_4)
FN:74,(anonymous_5)
FNF:6
FNH:5
FNDA:1,(anonymous_0)
FNDA:2,(anonymous_1)
FNDA:1,(anonymous_2)
FNDA:3,(anonymous_3)
FNDA:0,(anonymous_4)
FNDA:1,(anonymous_5)
DA:16,1
DA:17,1
DA:18,1
DA:22,2
DA:23,2
DA:24,1
DA:29,1
DA:33,3
DA:34,3
DA:35,3
DA:51,0
DA:63,3
DA:70,3
LF:13
LH:12
BRDA:23,0,0,1
BRDA:23,0,1,1
BRDA:37,1,0,3
BRDA:37,1,1,3
BRDA:46,2,0,3
BRDA:46,2,1,0
BRDA:49,3,0,0
BRDA:49,3,1,0
BRDA:49,3,2,0
BRF:9
BRH:5
end_of_record
TN:
SF:C:\Users\Sabina_Basina\reactjs-films-homework\src\components\Menu\Menu.jsx
FN:5,(anonymous_0)
FNF:1
FNH:1
FNDA:1,(anonymous_0)
DA:5,2
DA:6,1
LF:2
LH:2
BRF:0
BRH:0
end_of_record
TN:
SF:C:\Users\Sabina_Basina\reactjs-films-homework\src\components\Routes\Routes.jsx
FN:11,(anonymous_0)
FN:17,(anonymous_1)
FN:21,(anonymous_2)
FN:25,(anonymous_3)
FNF:4
FNH:4
FNDA:3,(anonymous_0)
FNDA:1,(anonymous_1)
FNDA:1,(anonymous_2)
FNDA:1,(anonymous_3)
DA:12,3
DA:17,1
DA:21,1
DA:25,1
LF:4
LH:4
BRF:0
BRH:0
end_of_record
TN:
SF:C:\Users\Sabina_Basina\reactjs-films-homework\src\components\Search\Search.jsx
FN:13,(anonymous_0)
FN:17,(anonymous_1)
FN:30,(anonymous_2)
FNF:3
FNH:2
FNDA:1,(anonymous_0)
FNDA:3,(anonymous_1)
FNDA:0,(anonymous_2)
DA:14,1
DA:18,3
DA:19,3
DA:20,3
DA:31,0
DA:32,0
DA:44,4
DA:48,4
LF:8
LH:6
BRDA:31,0,0,0
BRDA:31,0,1,0
BRF:2
BRH:0
end_of_record
TN:
SF:C:\Users\Sabina_Basina\reactjs-films-homework\src\components\TvShow\TvShow.jsx
FN:8,(anonymous_0)
FNF:1
FNH:1
FNDA:4,(anonymous_0)
DA:9,4
DA:10,4
DA:35,4
DA:39,4
LF:4
LH:4
BRDA:13,0,0,1
BRDA:13,0,1,3
BRDA:14,1,0,4
BRDA:14,1,1,1
BRDA:14,1,2,1
BRDA:24,2,0,4
BRDA:24,2,1,1
BRF:7
BRH:7
end_of_record
TN:
SF:C:\Users\Sabina_Basina\reactjs-films-homework\src\components\TvShowPage\TvShowPage.jsx
FN:13,(anonymous_0)
FN:30,(anonymous_1)
FN:50,(anonymous_2)
FN:54,(anonymous_3)
FN:70,(anonymous_4)
FN:94,(anonymous_5)
FN:95,(anonymous_6)
FNF:7
FNH:6
FNDA:2,(anonymous_0)
FNDA:6,(anonymous_1)
FNDA:2,(anonymous_2)
FNDA:5,(anonymous_3)
FNDA:0,(anonymous_4)
FNDA:1,(anonymous_5)
FNDA:1,(anonymous_6)
DA:20,2
DA:22,2
DA:23,1
DA:25,1
DA:27,2
DA:37,6
DA:39,6
DA:40,1
DA:42,6
DA:43,1
DA:45,6
DA:46,0
DA:51,2
DA:55,5
DA:56,5
DA:58,5
DA:59,4
DA:62,1
DA:71,0
DA:84,3
DA:93,3
LF:21
LH:19
BRDA:22,0,0,1
BRDA:22,0,1,1
BRDA:39,1,0,1
BRDA:39,1,1,5
BRDA:42,2,0,1
BRDA:42,2,1,5
BRDA:45,3,0,0
BRDA:45,3,1,6
BRDA:58,4,0,4
BRDA:58,4,1,1
BRDA:65,5,0,1
BRDA:65,5,1,0
BRF:12
BRH:10
end_of_record
TN:
SF:C:\Users\Sabina_Basina\reactjs-films-homework\src\pages\Home\Home.jsx
FN:11,(anonymous_0)
FNF:1
FNH:1
FNDA:4,(anonymous_0)
DA:12,4
DA:14,4
DA:62,2
DA:67,2
LF:4
LH:4
BRDA:20,0,0,4
BRDA:20,0,1,3
BRDA:29,1,0,4
BRDA:29,1,1,1
BRDA:33,2,0,1
BRDA:33,2,1,0
BRF:6
BRH:5
end_of_record
TN:
SF:C:\Users\Sabina_Basina\reactjs-films-homework\src\pages\TvShowDetails\TvShowDetails.jsx
FN:15,(anonymous_0)
FN:21,(anonymous_1)
FN:28,(anonymous_2)
FN:32,(anonymous_3)
FN:99,(anonymous_4)
FNF:5
FNH:5
FNDA:1,(anonymous_0)
FNDA:1,(anonymous_1)
FNDA:1,(anonymous_2)
FNDA:7,(anonymous_3)
FNDA:1,(anonymous_4)
DA:16,1
DA:17,1
DA:18,1
DA:22,1
DA:23,1
DA:24,0
DA:29,1
DA:33,7
DA:34,7
DA:35,7
DA:91,2
DA:98,2
LF:12
LH:11
BRDA:23,0,0,0
BRDA:23,0,1,1
BRDA:38,1,0,7
BRDA:38,1,1,7
BRDA:47,2,0,7
BRDA:47,2,1,0
BRDA:56,3,0,0
BRDA:56,3,1,0
BRDA:65,4,0,0
BRDA:65,4,1,0
BRDA:68,5,0,0
BRDA:68,5,1,0
BRF:12
BRH:4
end_of_record
