TN:
SF:C:\Users\Sabina_Basina\reactjs-films-homework\src\Root.jsx
FNF:0
FNH:0
LF:0
LH:0
BRF:0
BRH:0
end_of_record
TN:
SF:C:\Users\Sabina_Basina\reactjs-films-homework\src\components\App\App.jsx
FN:9,(anonymous_0)
FNF:1
FNH:1
FNDA:1,(anonymous_0)
DA:9,1
DA:10,1
LF:2
LH:2
BRF:0
BRH:0
end_of_record
TN:
SF:C:\Users\Sabina_Basina\reactjs-films-homework\src\components\Episode\Episode.jsx
FN:9,(anonymous_0)
FNF:1
FNH:1
FNDA:2,(anonymous_0)
DA:10,2
DA:11,2
DA:38,4
DA:42,4
LF:4
LH:4
BRDA:21,0,0,1
BRDA:21,0,1,1
BRF:2
BRH:2
end_of_record
TN:
SF:C:\Users\Sabina_Basina\reactjs-films-homework\src\components\Episodes\Episodes.jsx
FN:11,(anonymous_0)
FN:16,(anonymous_1)
FN:33,(anonymous_2)
FN:57,(anonymous_3)
FNF:4
FNH:4
FNDA:1,(anonymous_0)
FNDA:2,(anonymous_1)
FNDA:2,(anonymous_2)
FNDA:1,(anonymous_3)
DA:12,1
DA:13,1
DA:17,2
DA:18,2
DA:34,2
DA:46,3
DA:53,3
LF:7
LH:7
BRDA:20,0,0,2
BRDA:20,0,1,1
BRDA:29,1,0,2
BRDA:29,1,1,1
BRDA:32,2,0,1
BRDA:32,2,1,1
BRDA:32,2,2,1
BRF:7
BRH:7
end_of_record
TN:
SF:C:\Users\Sabina_Basina\reactjs-films-homework\src\components\Menu\Menu.jsx
FN:5,(anonymous_0)
FNF:1
FNH:1
FNDA:1,(anonymous_0)
DA:5,2
DA:6,1
LF:2
LH:2
BRF:0
BRH:0
end_of_record
TN:
SF:C:\Users\Sabina_Basina\reactjs-films-homework\src\components\Routes\Routes.jsx
FN:11,(anonymous_0)
FN:17,(anonymous_1)
FN:21,(anonymous_2)
FN:25,(anonymous_3)
FNF:4
FNH:4
FNDA:3,(anonymous_0)
FNDA:1,(anonymous_1)
FNDA:1,(anonymous_2)
FNDA:1,(anonymous_3)
DA:12,3
DA:17,1
DA:21,1
DA:25,1
LF:4
LH:4
BRF:0
BRH:0
end_of_record
TN:
SF:C:\Users\Sabina_Basina\reactjs-films-homework\src\components\Search\Search.jsx
FN:13,(anonymous_0)
FN:17,(anonymous_1)
FN:30,(anonymous_2)
FNF:3
FNH:2
FNDA:1,(anonymous_0)
FNDA:3,(anonymous_1)
FNDA:0,(anonymous_2)
DA:14,1
DA:18,3
DA:19,3
DA:20,3
DA:31,0
DA:32,0
DA:44,4
DA:48,4
LF:8
LH:6
BRDA:31,0,0,0
BRDA:31,0,1,0
BRF:2
BRH:0
end_of_record
TN:
SF:C:\Users\Sabina_Basina\reactjs-films-homework\src\components\TvShow\TvShow.jsx
FN:8,(anonymous_0)
FNF:1
FNH:1
FNDA:4,(anonymous_0)
DA:9,4
DA:10,4
DA:35,4
DA:39,4
LF:4
LH:4
BRDA:13,0,0,1
BRDA:13,0,1,3
BRDA:14,1,0,4
BRDA:14,1,1,1
BRDA:14,1,2,1
BRDA:24,2,0,4
BRDA:24,2,1,1
BRF:7
BRH:7
end_of_record
TN:
SF:C:\Users\Sabina_Basina\reactjs-films-homework\src\components\TvShowPage\TvShowPage.jsx
FN:9,(anonymous_0)
FN:24,(anonymous_1)
FN:40,(anonymous_2)
FN:54,(anonymous_3)
FN:78,(anonymous_4)
FN:79,(anonymous_5)
FNF:6
FNH:6
FNDA:2,(anonymous_0)
FNDA:4,(anonymous_1)
FNDA:3,(anonymous_2)
FNDA:2,(anonymous_3)
FNDA:1,(anonymous_4)
FNDA:1,(anonymous_5)
DA:15,2
DA:17,2
DA:18,1
DA:20,1
DA:30,4
DA:32,4
DA:33,1
DA:35,4
DA:36,1
DA:41,3
DA:42,3
DA:43,2
DA:46,1
DA:55,2
DA:68,3
DA:77,3
LF:16
LH:16
BRDA:17,0,0,1
BRDA:17,0,1,1
BRDA:32,1,0,1
BRDA:32,1,1,3
BRDA:35,2,0,1
BRDA:35,2,1,3
BRDA:42,3,0,2
BRDA:42,3,1,1
BRDA:49,4,0,1
BRDA:49,4,1,1
BRF:10
BRH:10
end_of_record
TN:
SF:C:\Users\Sabina_Basina\reactjs-films-homework\src\pages\Home\Home.jsx
FN:11,(anonymous_0)
FNF:1
FNH:1
FNDA:4,(anonymous_0)
DA:12,4
DA:14,4
DA:62,2
DA:67,2
LF:4
LH:4
BRDA:20,0,0,4
BRDA:20,0,1,3
BRDA:29,1,0,4
BRDA:29,1,1,1
BRDA:33,2,0,1
BRDA:33,2,1,0
BRF:6
BRH:5
end_of_record
TN:
SF:C:\Users\Sabina_Basina\reactjs-films-homework\src\pages\TvShowDetails\TvShowDetails.jsx
FN:11,(anonymous_0)
FN:16,(anonymous_1)
FN:82,(anonymous_2)
FNF:3
FNH:3
FNDA:1,(anonymous_0)
FNDA:6,(anonymous_1)
FNDA:1,(anonymous_2)
DA:12,1
DA:13,1
DA:17,6
DA:18,6
DA:74,2
DA:81,2
LF:6
LH:6
BRDA:21,0,0,6
BRDA:21,0,1,2
BRDA:30,1,0,6
BRDA:30,1,1,4
BRDA:39,2,0,1
BRDA:39,2,1,3
BRDA:48,3,0,4
BRDA:48,3,1,1
BRDA:51,4,0,4
BRDA:51,4,1,1
BRF:10
BRH:10
end_of_record
